# JRE version: Java(TM) SE Runtime Environment (8.0_66-b17) (build 1.8.0_66-b17)
# Java VM: Java HotSpot(TM) 64-Bit Server VM (25.66-b17 mixed mode bsd-amd64 compressed oops)
Heap:
 PSYoungGen      total 76288K, used 61183K [0x000000076ab00000, 0x0000000770000000, 0x00000007c0000000)
  eden space 65536K, 93% used [0x000000076ab00000,0x000000076e6bfda8,0x000000076eb00000)
  from space 10752K, 0% used [0x000000076f580000,0x000000076f580000,0x0000000770000000)
  to   space 10752K, 0% used [0x000000076eb00000,0x000000076eb00000,0x000000076f580000)
 ParOldGen       total 110080K, used 12858K [0x00000006c0000000, 0x00000006c6b80000, 0x000000076ab00000)
  object space 110080K, 11% used [0x00000006c0000000,0x00000006c0c8e828,0x00000006c6b80000)
 Metaspace       used 22417K, capacity 22956K, committed 23088K, reserved 1069056K
  class space    used 2619K, capacity 2778K, committed 2864K, reserved 1048576K
GC Heap History (10 events):
Event: 3,003 GC heap before
{Heap before GC invocations=1 (full 0):
 PSYoungGen      total 76288K, used 65536K [0x000000076ab00000, 0x0000000770000000, 0x00000007c0000000)
  eden space 65536K, 100% used [0x000000076ab00000,0x000000076eb00000,0x000000076eb00000)
  from space 10752K, 0% used [0x000000076f580000,0x000000076f580000,0x0000000770000000)
  to   space 10752K, 0% used [0x000000076eb00000,0x000000076eb00000,0x000000076f580000)
 ParOldGen       total 175104K, used 0K [0x00000006c0000000, 0x00000006cab00000, 0x000000076ab00000)
  object space 175104K, 0% used [0x00000006c0000000,0x00000006c0000000,0x00000006cab00000)
 Metaspace       used 11195K, capacity 11412K, committed 11520K, reserved 1058816K
  class space    used 1410K, capacity 1480K, committed 1536K, reserved 1048576K
Event: 3,024 GC heap after
Heap after GC invocations=1 (full 0):
 PSYoungGen      total 76288K, used 9538K [0x000000076ab00000, 0x0000000770000000, 0x00000007c0000000)
  eden space 65536K, 0% used [0x000000076ab00000,0x000000076ab00000,0x000000076eb00000)
  from space 10752K, 88% used [0x000000076eb00000,0x000000076f450990,0x000000076f580000)
  to   space 10752K, 0% used [0x000000076f580000,0x000000076f580000,0x0000000770000000)
 ParOldGen       total 175104K, used 16K [0x00000006c0000000, 0x00000006cab00000, 0x000000076ab00000)
  object space 175104K, 0% used [0x00000006c0000000,0x00000006c0004000,0x00000006cab00000)
 Metaspace       used 11195K, capacity 11412K, committed 11520K, reserved 1058816K
  class space    used 1410K, capacity 1480K, committed 1536K, reserved 1048576K
}
Event: 8,585 GC heap before
{Heap before GC invocations=2 (full 0):
 PSYoungGen      total 76288K, used 75074K [0x000000076ab00000, 0x0000000770000000, 0x00000007c0000000)
  eden space 65536K, 100% used [0x000000076ab00000,0x000000076eb00000,0x000000076eb00000)
  from space 10752K, 88% used [0x000000076eb00000,0x000000076f450990,0x000000076f580000)
  to   space 10752K, 0% used [0x000000076f580000,0x000000076f580000,0x0000000770000000)
 ParOldGen       total 175104K, used 16K [0x00000006c0000000, 0x00000006cab00000, 0x000000076ab00000)
  object space 175104K, 0% used [0x00000006c0000000,0x00000006c0004000,0x00000006cab00000)
 Metaspace       used 15104K, capacity 15354K, committed 15616K, reserved 1062912K
  class space    used 1847K, capacity 1945K, committed 2048K, reserved 1048576K
Event: 8,609 GC heap after
Heap after GC invocations=2 (full 0):
 PSYoungGen      total 76288K, used 9919K [0x000000076ab00000, 0x0000000770000000, 0x00000007c0000000)
  eden space 65536K, 0% used [0x000000076ab00000,0x000000076ab00000,0x000000076eb00000)
  from space 10752K, 92% used [0x000000076f580000,0x000000076ff2fde0,0x0000000770000000)
  to   space 10752K, 0% used [0x000000076eb00000,0x000000076eb00000,0x000000076f580000)
 ParOldGen       total 175104K, used 24K [0x00000006c0000000, 0x00000006cab00000, 0x000000076ab00000)
  object space 175104K, 0% used [0x00000006c0000000,0x00000006c0006000,0x00000006cab00000)
 Metaspace       used 15104K, capacity 15354K, committed 15616K, reserved 1062912K
  class space    used 1847K, capacity 1945K, committed 2048K, reserved 1048576K
}
Event: 12,850 GC heap before
{Heap before GC invocations=3 (full 0):
 PSYoungGen      total 76288K, used 75455K [0x000000076ab00000, 0x0000000770000000, 0x00000007c0000000)
  eden space 65536K, 100% used [0x000000076ab00000,0x000000076eb00000,0x000000076eb00000)
  from space 10752K, 92% used [0x000000076f580000,0x000000076ff2fde0,0x0000000770000000)
  to   space 10752K, 0% used [0x000000076eb00000,0x000000076eb00000,0x000000076f580000)
 ParOldGen       total 175104K, used 24K [0x00000006c0000000, 0x00000006cab00000, 0x000000076ab00000)
  object space 175104K, 0% used [0x00000006c0000000,0x00000006c0006000,0x00000006cab00000)
 Metaspace       used 18557K, capacity 19142K, committed 19328K, reserved 1067008K
  class space    used 2213K, capacity 2361K, committed 2432K, reserved 1048576K
Event: 12,862 GC heap after
Heap after GC invocations=3 (full 0):
 PSYoungGen      total 76288K, used 10732K [0x000000076ab00000, 0x0000000770000000, 0x00000007c0000000)
  eden space 65536K, 0% used [0x000000076ab00000,0x000000076ab00000,0x000000076eb00000)
  from space 10752K, 99% used [0x000000076eb00000,0x000000076f57b070,0x000000076f580000)
  to   space 10752K, 0% used [0x000000076f580000,0x000000076f580000,0x0000000770000000)
 ParOldGen       total 175104K, used 1757K [0x00000006c0000000, 0x00000006cab00000, 0x000000076ab00000)
  object space 175104K, 1% used [0x00000006c0000000,0x00000006c01b7608,0x00000006cab00000)
 Metaspace       used 18557K, capacity 19142K, committed 19328K, reserved 1067008K
  class space    used 2213K, capacity 2361K, committed 2432K, reserved 1048576K
}
Event: 14,156 GC heap before
{Heap before GC invocations=4 (full 0):
 PSYoungGen      total 76288K, used 31632K [0x000000076ab00000, 0x0000000770000000, 0x00000007c0000000)
  eden space 65536K, 31% used [0x000000076ab00000,0x000000076bf69098,0x000000076eb00000)
  from space 10752K, 99% used [0x000000076eb00000,0x000000076f57b070,0x000000076f580000)
  to   space 10752K, 0% used [0x000000076f580000,0x000000076f580000,0x0000000770000000)
 ParOldGen       total 175104K, used 1757K [0x00000006c0000000, 0x00000006cab00000, 0x000000076ab00000)
  object space 175104K, 1% used [0x00000006c0000000,0x00000006c01b7608,0x00000006cab00000)
 Metaspace       used 20713K, capacity 21222K, committed 21296K, reserved 1069056K
  class space    used 2422K, capacity 2585K, committed 2608K, reserved 1048576K
Event: 14,177 GC heap after
Heap after GC invocations=4 (full 0):
 PSYoungGen      total 76288K, used 10752K [0x000000076ab00000, 0x0000000770000000, 0x00000007c0000000)
  eden space 65536K, 0% used [0x000000076ab00000,0x000000076ab00000,0x000000076eb00000)
  from space 10752K, 100% used [0x000000076f580000,0x0000000770000000,0x0000000770000000)
  to   space 10752K, 0% used [0x000000076eb00000,0x000000076eb00000,0x000000076f580000)
 ParOldGen       total 175104K, used 4039K [0x00000006c0000000, 0x00000006cab00000, 0x000000076ab00000)
  object space 175104K, 2% used [0x00000006c0000000,0x00000006c03f1cb0,0x00000006cab00000)
 Metaspace       used 20713K, capacity 21222K, committed 21296K, reserved 1069056K
  class space    used 2422K, capacity 2585K, committed 2608K, reserved 1048576K
}
Event: 14,177 GC heap before
{Heap before GC invocations=5 (full 1):
 PSYoungGen      total 76288K, used 10752K [0x000000076ab00000, 0x0000000770000000, 0x00000007c0000000)
  eden space 65536K, 0% used [0x000000076ab00000,0x000000076ab00000,0x000000076eb00000)
  from space 10752K, 100% used [0x000000076f580000,0x0000000770000000,0x0000000770000000)
  to   space 10752K, 0% used [0x000000076eb00000,0x000000076eb00000,0x000000076f580000)
 ParOldGen       total 175104K, used 4039K [0x00000006c0000000, 0x00000006cab00000, 0x000000076ab00000)
  object space 175104K, 2% used [0x00000006c0000000,0x00000006c03f1cb0,0x00000006cab00000)
 Metaspace       used 20713K, capacity 21222K, committed 21296K, reserved 1069056K
  class space    used 2422K, capacity 2585K, committed 2608K, reserved 1048576K
Event: 14,255 GC heap after
Heap after GC invocations=5 (full 1):
 PSYoungGen      total 76288K, used 0K [0x000000076ab00000, 0x0000000770000000, 0x00000007c0000000)
  eden space 65536K, 0% used [0x000000076ab00000,0x000000076ab00000,0x000000076eb00000)
  from space 10752K, 0% used [0x000000076f580000,0x000000076f580000,0x0000000770000000)
  to   space 10752K, 0% used [0x000000076eb00000,0x000000076eb00000,0x000000076f580000)
 ParOldGen       total 110080K, used 12858K [0x00000006c0000000, 0x00000006c6b80000, 0x000000076ab00000)
  object space 110080K, 11% used [0x00000006c0000000,0x00000006c0c8e828,0x00000006c6b80000)
 Metaspace       used 20713K, capacity 21222K, committed 21296K, reserved 1069056K
  class space    used 2422K, capacity 2585K, committed 2608K, reserved 1048576K
}

